Host command: /import/cadence/ldv51qsr2/tools/verilog/bin/verilog.exe
Command arguments:
    inv10.v
    divide2.v

Tool:	VERILOG-XL	05.10.003-s log file created Apr 11, 2005  22:03:27
Tool:	VERILOG-XL	05.10.003-s   Apr 11, 2005  22:03:27

Copyright (c) 1995-2003 Cadence Design Systems, Inc.  All Rights Reserved.
Unpublished -- rights reserved under the copyright laws of the United States.

Copyright (c) 1995-2003 UNIX Systems Laboratories, Inc.  Reproduced with Permission.

THIS SOFTWARE AND ON-LINE DOCUMENTATION CONTAIN CONFIDENTIAL INFORMATION
AND TRADE SECRETS OF CADENCE DESIGN SYSTEMS, INC.  USE, DISCLOSURE, OR
REPRODUCTION IS PROHIBITED WITHOUT THE PRIOR EXPRESS WRITTEN PERMISSION OF
CADENCE DESIGN SYSTEMS, INC.
RESTRICTED RIGHTS LEGEND

Use, duplication, or disclosure by the Government is subject to
restrictions as set forth in subparagraph (c)(1)(ii) of the Rights in
Technical Data and Computer Software clause at DFARS 252.227-7013 or
subparagraphs (c)(1) and (2) of Commercial Computer Software -- Restricted
Rights at 48 CFR 52.227-19, as applicable.

                Cadence Design Systems, Inc.
                555 River Oaks Parkway
                San Jose, California  95134

For technical assistance please contact the Cadence Response Center at
1-877-CDS-4911 or send email to support@cadence.com

For more information on Cadence's Verilog-XL product line send email to
talkv@cadence.com

Compiling source file "inv10.v"
Compiling source file "divide2.v"

Error!    Module or primitive (mux31x10) not defined        [Verilog-MOPND]    
          "divide2.v", 14: mux31x10 m3(Mux3Out, 10'b0, {2                      
          'b0, D}, OnesCompD, q);

Error!    Module or primitive (mux21x10) not defined        [Verilog-MOPND]    
          "divide2.v", 15: mux21x10 m2(Mux2Out, {Sum[8:0],                     
          1'b0}, {2'b0, N}, state0);

Error!    Module or primitive (reg10) not defined           [Verilog-MOPND]    
          "divide2.v", 16: reg10 r1(w, Mux2Out, Clk);

Error!    Module or primitive (qst) not defined             [Verilog-MOPND]    
          "divide2.v", 18: qst qd1(q, w[9], w[8], w[7]);

Error!    Module or primitive (rca10) not defined           [Verilog-MOPND]    
          "divide2.v", 19: rca10 d1(Sum, cout, w, Mux3Out,                     
          q[1]);
5 errors
End of Tool:	VERILOG-XL	05.10.003-s   Apr 11, 2005  22:03:28
